<?xml version="1.0" encoding="UTF-8" ?>
<testsuite tests="2" failures="0" name="by.bsuir.app.service.ServicesTest" time="0" errors="0" skipped="0">
  <properties>
    <property name="java.runtime.name" value="OpenJDK Runtime Environment"/>
    <property name="java.vm.version" value="16.0.2+7-67"/>
    <property name="sun.boot.library.path" value="D:\Users\Dimonch\.jdks\openjdk-16.0.2\bin"/>
    <property name="maven.multiModuleProjectDirectory" value="E:\Documents_BSUIR\5_term\KURSACH2\AppServer"/>
    <property name="java.vm.vendor" value="Oracle Corporation"/>
    <property name="java.vendor.url" value="https://java.oracle.com/"/>
    <property name="guice.disable.misplaced.annotation.check" value="true"/>
    <property name="path.separator" value=";"/>
    <property name="java.vm.name" value="OpenJDK 64-Bit Server VM"/>
    <property name="sun.os.patch.level" value=""/>
    <property name="user.script" value=""/>
    <property name="user.country" value="RU"/>
    <property name="sun.java.launcher" value="SUN_STANDARD"/>
    <property name="java.vm.specification.name" value="Java Virtual Machine Specification"/>
    <property name="user.dir" value="E:\Documents_BSUIR\5_term\KURSACH2\AppServer"/>
    <property name="java.vm.compressedOopsMode" value="32-bit"/>
    <property name="java.runtime.version" value="16.0.2+7-67"/>
    <property name="os.arch" value="amd64"/>
    <property name="java.io.tmpdir" value="C:\Temp\"/>
    <property name="line.separator" value="
"/>
    <property name="java.vm.specification.vendor" value="Oracle Corporation"/>
    <property name="user.variant" value=""/>
    <property name="os.name" value="Windows 10"/>
    <property name="classworlds.conf" value="C:\Program Files\Java\apache-maven-3.8.3\bin\m2.conf"/>
    <property name="sun.jnu.encoding" value="Cp1251"/>
    <property name="java.library.path" value="D:\Users\Dimonch\.jdks\openjdk-16.0.2\bin;C:\Windows\Sun\Java\bin;C:\Windows\system32;C:\Windows;D:\Users\Dimonch\.jdks\openjdk-16.0.2\bin;C:\Windows\system32;C:\Windows;C:\Windows\System32\Wbem;C:\Windows\System32;C:\Program Files\Microsoft SQL Server\110\Tools\Binn\;C:\Program Files\nodejs\;C:\Program Files\Java\apache-maven-3.8.3\bin\;C:\Program Files\MySQL\MySQL Server 8.0\bin;C:\Program Files\Java\jdk-15.0.2\;D:\Users\Dimonch\AppData\Local\Microsoft\WindowsApps\;C:\Program Files\JetBrains\IntelliJ IDEA 2021.1.2\bin;;&quot;C:\Program Files\Azure Data Studio\bin\;&quot;;C:\Program Files\Git\bin\;&quot;C:\Windows\system32;&quot;;&quot;C:\Windows;&quot;;&quot;C:\Windows\System32\Wbem;&quot;;C:\Program Files\Git\cmd\;&quot;C:\Windows\System32\;&quot;;&quot;C:\Windows\System32;&quot;;C:\Windows\System32;;D:\Users\Dimonch\AppData\Local\Programs\Microsoft VS Code\bin;D:\Users\Dimonch\AppData\Roaming\npm;."/>
    <property name="maven.conf" value="C:\Program Files\Java\apache-maven-3.8.3/conf"/>
    <property name="jdk.debug" value="release"/>
    <property name="java.class.version" value="60.0"/>
    <property name="java.specification.name" value="Java Platform API Specification"/>
    <property name="sun.management.compiler" value="HotSpot 64-Bit Tiered Compilers"/>
    <property name="os.version" value="10.0"/>
    <property name="library.jansi.path" value="C:\Program Files\Java\apache-maven-3.8.3\lib\jansi-native"/>
    <property name="user.home" value="D:\Users\Dimonch"/>
    <property name="user.timezone" value="Europe/Moscow"/>
    <property name="file.encoding" value="Cp1251"/>
    <property name="java.specification.version" value="16"/>
    <property name="user.name" value="Dimonch"/>
    <property name="java.class.path" value="C:\Program Files\Java\apache-maven-3.8.3\boot\plexus-classworlds-2.6.0.jar"/>
    <property name="java.vm.specification.version" value="16"/>
    <property name="sun.arch.data.model" value="64"/>
    <property name="sun.java.command" value="org.codehaus.plexus.classworlds.launcher.Launcher package"/>
    <property name="java.home" value="D:\Users\Dimonch\.jdks\openjdk-16.0.2"/>
    <property name="user.language" value="ru"/>
    <property name="java.specification.vendor" value="Oracle Corporation"/>
    <property name="java.vm.info" value="mixed mode, sharing"/>
    <property name="java.version" value="16.0.2"/>
    <property name="java.vendor" value="Oracle Corporation"/>
    <property name="sun.stderr.encoding" value="cp866"/>
    <property name="maven.home" value="C:\Program Files\Java\apache-maven-3.8.3"/>
    <property name="file.separator" value="\"/>
    <property name="java.version.date" value="2021-07-20"/>
    <property name="java.vendor.url.bug" value="https://bugreport.java.com/bugreport/"/>
    <property name="sun.io.unicode.encoding" value="UnicodeLittle"/>
    <property name="sun.cpu.endian" value="little"/>
    <property name="sun.stdout.encoding" value="cp866"/>
    <property name="sun.cpu.isalist" value="amd64"/>
  </properties>
  <testcase classname="by.bsuir.app.service.ServicesTest" name="testServicesTestWhenGenerateNewPasswordShouldGenerateStringExpectedLength" time="0"/>
  <testcase classname="by.bsuir.app.service.ServicesTest" name="testServicesTestWhenGenerateNewPasswordShouldGenerateNotNull" time="0"/>
</testsuite>